app/build/intermediates/manifest_merge_blame_file/debug/manifest-merger-blame-debug-report.txt
1<?xml version="1.0" encoding="utf-8"?>
2<manifest xmlns:android="http://schemas.android.com/apk/res/android"
3    package="com.example.trinavigation"
4    android:versionCode="1"
5    android:versionName="1.0" >
6
7    <uses-sdk
8        android:minSdkVersion="15"
8-->src\main\AndroidManifest.xml
9        android:targetSdkVersion="29" />
9-->src\main\AndroidManifest.xml
10
11    <uses-permission android:name="android.permission.ACCESS_FINE_LOCATION" />
11-->src\main\AndroidManifest.xml:5:5-78
11-->src\main\AndroidManifest.xml:5:22-76
12    <uses-permission android:name="android.permission.ACCESS_COARSE_LOCATION" />
12-->src\main\AndroidManifest.xml:6:5-80
12-->src\main\AndroidManifest.xml:6:22-78
13    <uses-permission android:name="android.permission.INTERNET" />
13-->src\main\AndroidManifest.xml:7:5-66
13-->src\main\AndroidManifest.xml:7:22-64
14    <uses-permission android:name="android.permission.ACCESS_FINE_LOCATION" />
14-->src\main\AndroidManifest.xml:5:5-78
14-->src\main\AndroidManifest.xml:5:22-76
15
16    <uses-feature
16-->[com.mapbox.mapboxsdk:mapbox-android-sdk:7.3.2] AndroidManifest.xml:9:5-11:35
17        android:glEsVersion="0x00020000"
17-->[com.mapbox.mapboxsdk:mapbox-android-sdk:7.3.2] AndroidManifest.xml:10:9-41
18        android:required="true" />
18-->[com.mapbox.mapboxsdk:mapbox-android-sdk:7.3.2] AndroidManifest.xml:11:9-32
19    <uses-feature
19-->[com.mapbox.mapboxsdk:mapbox-android-sdk:7.3.2] AndroidManifest.xml:12:5-14:36
20        android:name="android.hardware.wifi"
20-->[com.mapbox.mapboxsdk:mapbox-android-sdk:7.3.2] AndroidManifest.xml:13:9-45
21        android:required="false" />
21-->[com.mapbox.mapboxsdk:mapbox-android-sdk:7.3.2] AndroidManifest.xml:14:9-33
22
23    <uses-permission android:name="android.permission.ACCESS_NETWORK_STATE" />
23-->[com.mapbox.mapboxsdk:mapbox-android-sdk:7.3.2] AndroidManifest.xml:17:5-79
23-->[com.mapbox.mapboxsdk:mapbox-android-sdk:7.3.2] AndroidManifest.xml:17:22-76
24    <uses-permission android:name="android.permission.ACCESS_WIFI_STATE" />
24-->[com.mapbox.mapboxsdk:mapbox-android-sdk:7.3.2] AndroidManifest.xml:18:5-76
24-->[com.mapbox.mapboxsdk:mapbox-android-sdk:7.3.2] AndroidManifest.xml:18:22-73
25    <uses-permission android:name="android.permission.FOREGROUND_SERVICE" />
25-->[com.mapbox.mapboxsdk:mapbox-android-navigation:0.37.0] AndroidManifest.xml:9:5-77
25-->[com.mapbox.mapboxsdk:mapbox-android-navigation:0.37.0] AndroidManifest.xml:9:22-74
26
27    <application
27-->src\main\AndroidManifest.xml:10:5-33:19
28        android:allowBackup="true"
28-->src\main\AndroidManifest.xml:11:9-35
29        android:appComponentFactory="androidx.core.app.CoreComponentFactory"
29-->[androidx.core:core:1.3.1] AndroidManifest.xml:24:18-86
30        android:debuggable="true"
31        android:icon="@mipmap/ic_launcher"
31-->src\main\AndroidManifest.xml:12:9-43
32        android:label="@string/app_name"
32-->src\main\AndroidManifest.xml:13:9-41
33        android:roundIcon="@mipmap/ic_launcher_round"
33-->src\main\AndroidManifest.xml:14:9-54
34        android:supportsRtl="true"
34-->src\main\AndroidManifest.xml:15:9-35
35        android:testOnly="true"
36        android:theme="@style/AppTheme" >
36-->src\main\AndroidManifest.xml:16:9-40
37        <meta-data
37-->src\main\AndroidManifest.xml:18:9-19:46
38            android:name="com.google.android.geo.API_KEY"
38-->src\main\AndroidManifest.xml:18:20-65
39            android:value="@string/map_key" />
39-->src\main\AndroidManifest.xml:19:13-44
40
41        <activity android:name="com.example.trinavigation.Settings" />
41-->src\main\AndroidManifest.xml:20:9-55
41-->src\main\AndroidManifest.xml:20:19-43
42        <activity android:name="com.example.trinavigation.Navigation" />
42-->src\main\AndroidManifest.xml:21:9-48
42-->src\main\AndroidManifest.xml:21:19-45
43        <activity android:name="com.example.trinavigation.Map" />
43-->src\main\AndroidManifest.xml:22:9-41
43-->src\main\AndroidManifest.xml:22:19-38
44        <activity android:name="com.example.trinavigation.UserInter" />
44-->src\main\AndroidManifest.xml:23:9-47
44-->src\main\AndroidManifest.xml:23:19-44
45        <activity android:name="com.example.trinavigation.RegisterActivity" />
45-->src\main\AndroidManifest.xml:24:9-54
45-->src\main\AndroidManifest.xml:24:19-51
46        <activity android:name="com.example.trinavigation.LoginActivity" />
46-->src\main\AndroidManifest.xml:25:9-51
46-->src\main\AndroidManifest.xml:25:19-48
47        <activity android:name="com.example.trinavigation.MainActivity" >
47-->src\main\AndroidManifest.xml:26:9-32:20
47-->src\main\AndroidManifest.xml:26:19-47
48            <intent-filter>
48-->src\main\AndroidManifest.xml:27:13-31:29
49                <action android:name="android.intent.action.MAIN" />
49-->src\main\AndroidManifest.xml:28:17-69
49-->src\main\AndroidManifest.xml:28:25-66
50
51                <category android:name="android.intent.category.LAUNCHER" />
51-->src\main\AndroidManifest.xml:30:17-77
51-->src\main\AndroidManifest.xml:30:27-74
52            </intent-filter>
53        </activity>
54        <activity android:name="com.mapbox.services.android.navigation.ui.v5.MapboxNavigationActivity" />
54-->[com.mapbox.mapboxsdk:mapbox-android-navigation-ui:0.37.0] AndroidManifest.xml:10:9-106
54-->[com.mapbox.mapboxsdk:mapbox-android-navigation-ui:0.37.0] AndroidManifest.xml:10:19-103
55
56        <service android:name="com.mapbox.services.android.navigation.v5.navigation.NavigationService" /> <!-- Include the telemetry service to simplify set up (https://www.mapbox.com/telemetry) -->
56-->[com.mapbox.mapboxsdk:mapbox-android-navigation:0.37.0] AndroidManifest.xml:12:9-106
56-->[com.mapbox.mapboxsdk:mapbox-android-navigation:0.37.0] AndroidManifest.xml:12:18-103
57        <service android:name="com.mapbox.services.android.telemetry.service.TelemetryService" />
57-->[com.mapbox.mapboxsdk:mapbox-android-navigation:0.37.0] AndroidManifest.xml:14:9-98
57-->[com.mapbox.mapboxsdk:mapbox-android-navigation:0.37.0] AndroidManifest.xml:14:18-95
58
59        <activity
59-->[com.google.firebase:firebase-auth:16.0.5] AndroidManifest.xml:24:9-31:50
60            android:name="com.google.firebase.auth.internal.FederatedSignInActivity"
60-->[com.google.firebase:firebase-auth:16.0.5] AndroidManifest.xml:25:13-85
61            android:excludeFromRecents="true"
61-->[com.google.firebase:firebase-auth:16.0.5] AndroidManifest.xml:26:13-46
62            android:exported="true"
62-->[com.google.firebase:firebase-auth:16.0.5] AndroidManifest.xml:27:13-36
63            android:launchMode="singleTask"
63-->[com.google.firebase:firebase-auth:16.0.5] AndroidManifest.xml:28:13-44
64            android:permission="com.google.firebase.auth.api.gms.permission.LAUNCH_FEDERATED_SIGN_IN"
64-->[com.google.firebase:firebase-auth:16.0.5] AndroidManifest.xml:29:13-102
65            android:theme="@android:style/Theme.Translucent.NoTitleBar" />
65-->[com.google.firebase:firebase-auth:16.0.5] AndroidManifest.xml:30:13-72
66
67        <service
67-->[com.google.firebase:firebase-auth:16.0.5] AndroidManifest.xml:33:9-39:19
68            android:name="com.google.firebase.components.ComponentDiscoveryService"
68-->[com.google.firebase:firebase-auth:16.0.5] AndroidManifest.xml:34:13-84
69            android:exported="false" >
69-->[com.google.firebase:firebase-auth:16.0.5] AndroidManifest.xml:35:13-37
70            <meta-data
70-->[com.google.firebase:firebase-auth:16.0.5] AndroidManifest.xml:36:13-38:85
71                android:name="com.google.firebase.components:com.google.firebase.auth.FirebaseAuthRegistrar"
71-->[com.google.firebase:firebase-auth:16.0.5] AndroidManifest.xml:37:17-109
72                android:value="com.google.firebase.components.ComponentRegistrar" />
72-->[com.google.firebase:firebase-auth:16.0.5] AndroidManifest.xml:38:17-82
73        </service> <!-- Needs to be explicitly declared on P+ -->
74        <uses-library
74-->[com.google.android.gms:play-services-maps:17.0.0] AndroidManifest.xml:33:9-35:40
75            android:name="org.apache.http.legacy"
75-->[com.google.android.gms:play-services-maps:17.0.0] AndroidManifest.xml:34:13-50
76            android:required="false" />
76-->[com.google.android.gms:play-services-maps:17.0.0] AndroidManifest.xml:35:13-37
77
78        <activity
78-->[com.google.android.gms:play-services-base:17.0.0] AndroidManifest.xml:23:9-26:75
79            android:name="com.google.android.gms.common.api.GoogleApiActivity"
79-->[com.google.android.gms:play-services-base:17.0.0] AndroidManifest.xml:24:13-79
80            android:exported="false"
80-->[com.google.android.gms:play-services-base:17.0.0] AndroidManifest.xml:25:13-37
81            android:theme="@android:style/Theme.Translucent.NoTitleBar" />
81-->[com.google.android.gms:play-services-base:17.0.0] AndroidManifest.xml:26:13-72
82
83        <provider
83-->[com.google.firebase:firebase-common:16.0.3] AndroidManifest.xml:10:9-14:39
84            android:name="com.google.firebase.provider.FirebaseInitProvider"
84-->[com.google.firebase:firebase-common:16.0.3] AndroidManifest.xml:11:13-77
85            android:authorities="com.example.trinavigation.firebaseinitprovider"
85-->[com.google.firebase:firebase-common:16.0.3] AndroidManifest.xml:12:13-72
86            android:exported="false"
86-->[com.google.firebase:firebase-common:16.0.3] AndroidManifest.xml:13:13-37
87            android:initOrder="100" />
87-->[com.google.firebase:firebase-common:16.0.3] AndroidManifest.xml:14:13-36
88
89        <meta-data
89-->[com.google.android.gms:play-services-basement:17.0.0] AndroidManifest.xml:23:9-25:69
90            android:name="com.google.android.gms.version"
90-->[com.google.android.gms:play-services-basement:17.0.0] AndroidManifest.xml:24:13-58
91            android:value="@integer/google_play_services_version" />
91-->[com.google.android.gms:play-services-basement:17.0.0] AndroidManifest.xml:25:13-66
92
93        <provider
93-->[com.mapbox.mapboxsdk:mapbox-android-telemetry:4.3.0] AndroidManifest.xml:17:9-21:39
94            android:name="com.mapbox.android.telemetry.provider.MapboxTelemetryInitProvider"
94-->[com.mapbox.mapboxsdk:mapbox-android-telemetry:4.3.0] AndroidManifest.xml:18:13-93
95            android:authorities="com.example.trinavigation.mapboxtelemetryinitprovider"
95-->[com.mapbox.mapboxsdk:mapbox-android-telemetry:4.3.0] AndroidManifest.xml:19:13-79
96            android:exported="false"
96-->[com.mapbox.mapboxsdk:mapbox-android-telemetry:4.3.0] AndroidManifest.xml:20:13-37
97            android:initOrder="100" />
97-->[com.mapbox.mapboxsdk:mapbox-android-telemetry:4.3.0] AndroidManifest.xml:21:13-36
98        <provider
98-->[com.squareup.picasso:picasso:2.71828] AndroidManifest.xml:8:9-11:40
99            android:name="com.squareup.picasso.PicassoProvider"
99-->[com.squareup.picasso:picasso:2.71828] AndroidManifest.xml:9:13-64
100            android:authorities="com.example.trinavigation.com.squareup.picasso"
100-->[com.squareup.picasso:picasso:2.71828] AndroidManifest.xml:10:13-72
101            android:exported="false" />
101-->[com.squareup.picasso:picasso:2.71828] AndroidManifest.xml:11:13-37
102        <provider
102-->[androidx.lifecycle:lifecycle-process:2.0.0] AndroidManifest.xml:23:9-27:43
103            android:name="androidx.lifecycle.ProcessLifecycleOwnerInitializer"
103-->[androidx.lifecycle:lifecycle-process:2.0.0] AndroidManifest.xml:24:13-79
104            android:authorities="com.example.trinavigation.lifecycle-process"
104-->[androidx.lifecycle:lifecycle-process:2.0.0] AndroidManifest.xml:25:13-69
105            android:exported="false"
105-->[androidx.lifecycle:lifecycle-process:2.0.0] AndroidManifest.xml:26:13-37
106            android:multiprocess="true" />
106-->[androidx.lifecycle:lifecycle-process:2.0.0] AndroidManifest.xml:27:13-40
107    </application>
108
109</manifest>